Compiled jquery.js  (3ms)  (pid 26175)
Compiled jquery_ujs.js  (0ms)  (pid 26175)
Compiled twitter/bootstrap/bootstrap-transition.js  (0ms)  (pid 26175)
Compiled twitter/bootstrap/bootstrap-alert.js  (0ms)  (pid 26175)
Compiled twitter/bootstrap/bootstrap-modal.js  (0ms)  (pid 26175)
Compiled twitter/bootstrap/bootstrap-dropdown.js  (0ms)  (pid 26175)
Compiled twitter/bootstrap/bootstrap-scrollspy.js  (0ms)  (pid 26175)
Compiled twitter/bootstrap/bootstrap-tab.js  (0ms)  (pid 26175)
Compiled twitter/bootstrap/bootstrap-tooltip.js  (0ms)  (pid 26175)
Compiled twitter/bootstrap/bootstrap-popover.js  (0ms)  (pid 26175)
Compiled twitter/bootstrap/bootstrap-button.js  (0ms)  (pid 26175)
Compiled twitter/bootstrap/bootstrap-collapse.js  (0ms)  (pid 26175)
Compiled twitter/bootstrap/bootstrap-carousel.js  (0ms)  (pid 26175)
Compiled twitter/bootstrap/bootstrap-typeahead.js  (0ms)  (pid 26175)
Compiled twitter/bootstrap/bootstrap-affix.js  (0ms)  (pid 26175)
Compiled twitter/bootstrap.js  (90ms)  (pid 26175)
Compiled admin.js  (49ms)  (pid 26175)
Compiled bootstrap.js  (3ms)  (pid 26175)
Compiled home.js  (0ms)  (pid 26175)
Compiled application.js  (184ms)  (pid 26175)
Compiled admin.css  (4ms)  (pid 26175)
Compiled bootstrap_and_overrides.css  (779ms)  (pid 26175)
Compiled home.css  (0ms)  (pid 26175)
Compiled application.css  (820ms)  (pid 26175)
Compiled jquery.js  (3ms)  (pid 27424)
Compiled jquery_ujs.js  (0ms)  (pid 27424)
Compiled twitter/bootstrap/bootstrap-transition.js  (0ms)  (pid 27424)
Compiled twitter/bootstrap/bootstrap-alert.js  (0ms)  (pid 27424)
Compiled twitter/bootstrap/bootstrap-modal.js  (0ms)  (pid 27424)
Compiled twitter/bootstrap/bootstrap-dropdown.js  (0ms)  (pid 27424)
Compiled twitter/bootstrap/bootstrap-scrollspy.js  (0ms)  (pid 27424)
Compiled twitter/bootstrap/bootstrap-tab.js  (0ms)  (pid 27424)
Compiled twitter/bootstrap/bootstrap-tooltip.js  (0ms)  (pid 27424)
Compiled twitter/bootstrap/bootstrap-popover.js  (0ms)  (pid 27424)
Compiled twitter/bootstrap/bootstrap-button.js  (0ms)  (pid 27424)
Compiled twitter/bootstrap/bootstrap-collapse.js  (0ms)  (pid 27424)
Compiled twitter/bootstrap/bootstrap-carousel.js  (0ms)  (pid 27424)
Compiled twitter/bootstrap/bootstrap-typeahead.js  (0ms)  (pid 27424)
Compiled twitter/bootstrap/bootstrap-affix.js  (0ms)  (pid 27424)
Compiled twitter/bootstrap.js  (67ms)  (pid 27424)
Compiled admin.js  (49ms)  (pid 27424)
Compiled bootstrap.js  (3ms)  (pid 27424)
Compiled home.js  (0ms)  (pid 27424)
Compiled application.js  (162ms)  (pid 27424)
Compiled admin.css  (4ms)  (pid 27424)
Compiled bootstrap_and_overrides.css  (580ms)  (pid 27424)
Compiled home.css  (0ms)  (pid 27424)
Compiled application.css  (595ms)  (pid 27424)
Compiled jquery.js  (3ms)  (pid 27568)
Compiled jquery_ujs.js  (0ms)  (pid 27568)
Compiled twitter/bootstrap/bootstrap-transition.js  (0ms)  (pid 27568)
Compiled twitter/bootstrap/bootstrap-alert.js  (0ms)  (pid 27568)
Compiled twitter/bootstrap/bootstrap-modal.js  (0ms)  (pid 27568)
Compiled twitter/bootstrap/bootstrap-dropdown.js  (0ms)  (pid 27568)
Compiled twitter/bootstrap/bootstrap-scrollspy.js  (0ms)  (pid 27568)
Compiled twitter/bootstrap/bootstrap-tab.js  (0ms)  (pid 27568)
Compiled twitter/bootstrap/bootstrap-tooltip.js  (0ms)  (pid 27568)
Compiled twitter/bootstrap/bootstrap-popover.js  (0ms)  (pid 27568)
Compiled twitter/bootstrap/bootstrap-button.js  (0ms)  (pid 27568)
Compiled twitter/bootstrap/bootstrap-collapse.js  (0ms)  (pid 27568)
Compiled twitter/bootstrap/bootstrap-carousel.js  (0ms)  (pid 27568)
Compiled twitter/bootstrap/bootstrap-typeahead.js  (0ms)  (pid 27568)
Compiled twitter/bootstrap/bootstrap-affix.js  (0ms)  (pid 27568)
Compiled twitter/bootstrap.js  (67ms)  (pid 27568)
Compiled admin.js  (49ms)  (pid 27568)
Compiled bootstrap.js  (3ms)  (pid 27568)
Compiled home.js  (0ms)  (pid 27568)
Compiled application.js  (161ms)  (pid 27568)
Compiled admin.css  (4ms)  (pid 27568)
Compiled bootstrap_and_overrides.css  (590ms)  (pid 27568)
Compiled home.css  (0ms)  (pid 27568)
Compiled application.css  (606ms)  (pid 27568)
Compiled jquery.js  (3ms)  (pid 27971)
Compiled jquery_ujs.js  (0ms)  (pid 27971)
Compiled twitter/bootstrap/bootstrap-transition.js  (0ms)  (pid 27971)
Compiled twitter/bootstrap/bootstrap-alert.js  (0ms)  (pid 27971)
Compiled twitter/bootstrap/bootstrap-modal.js  (0ms)  (pid 27971)
Compiled twitter/bootstrap/bootstrap-dropdown.js  (0ms)  (pid 27971)
Compiled twitter/bootstrap/bootstrap-scrollspy.js  (0ms)  (pid 27971)
Compiled twitter/bootstrap/bootstrap-tab.js  (0ms)  (pid 27971)
Compiled twitter/bootstrap/bootstrap-tooltip.js  (0ms)  (pid 27971)
Compiled twitter/bootstrap/bootstrap-popover.js  (0ms)  (pid 27971)
Compiled twitter/bootstrap/bootstrap-button.js  (0ms)  (pid 27971)
Compiled twitter/bootstrap/bootstrap-collapse.js  (0ms)  (pid 27971)
Compiled twitter/bootstrap/bootstrap-carousel.js  (0ms)  (pid 27971)
Compiled twitter/bootstrap/bootstrap-typeahead.js  (0ms)  (pid 27971)
Compiled twitter/bootstrap/bootstrap-affix.js  (0ms)  (pid 27971)
Compiled twitter/bootstrap.js  (98ms)  (pid 27971)
Compiled jquery.js  (3ms)  (pid 28158)
Compiled jquery_ujs.js  (0ms)  (pid 28158)
Compiled twitter/bootstrap/bootstrap-transition.js  (0ms)  (pid 28158)
Compiled twitter/bootstrap/bootstrap-alert.js  (0ms)  (pid 28158)
Compiled twitter/bootstrap/bootstrap-modal.js  (0ms)  (pid 28158)
Compiled twitter/bootstrap/bootstrap-dropdown.js  (0ms)  (pid 28158)
Compiled twitter/bootstrap/bootstrap-scrollspy.js  (0ms)  (pid 28158)
Compiled twitter/bootstrap/bootstrap-tab.js  (0ms)  (pid 28158)
Compiled twitter/bootstrap/bootstrap-tooltip.js  (0ms)  (pid 28158)
Compiled twitter/bootstrap/bootstrap-popover.js  (0ms)  (pid 28158)
Compiled twitter/bootstrap/bootstrap-button.js  (0ms)  (pid 28158)
Compiled twitter/bootstrap/bootstrap-collapse.js  (0ms)  (pid 28158)
Compiled twitter/bootstrap/bootstrap-carousel.js  (0ms)  (pid 28158)
Compiled twitter/bootstrap/bootstrap-typeahead.js  (0ms)  (pid 28158)
Compiled twitter/bootstrap/bootstrap-affix.js  (0ms)  (pid 28158)
Compiled twitter/bootstrap.js  (82ms)  (pid 28158)
Compiled admin.js  (50ms)  (pid 28158)
Compiled bootstrap.js  (3ms)  (pid 28158)
Compiled home.js  (0ms)  (pid 28158)
Compiled application.js  (159ms)  (pid 28158)
Compiled admin.css  (379ms)  (pid 28158)
Compiled bootstrap_and_overrides.css  (610ms)  (pid 28158)
Compiled home.css  (0ms)  (pid 28158)
Compiled application.css  (1001ms)  (pid 28158)
Compiled jquery.js  (3ms)  (pid 28158)
Compiled jquery_ujs.js  (0ms)  (pid 28158)
Compiled twitter/bootstrap/bootstrap-transition.js  (0ms)  (pid 28158)
Compiled twitter/bootstrap/bootstrap-alert.js  (0ms)  (pid 28158)
Compiled twitter/bootstrap/bootstrap-modal.js  (0ms)  (pid 28158)
Compiled twitter/bootstrap/bootstrap-dropdown.js  (0ms)  (pid 28158)
Compiled twitter/bootstrap/bootstrap-scrollspy.js  (0ms)  (pid 28158)
Compiled twitter/bootstrap/bootstrap-tab.js  (0ms)  (pid 28158)
Compiled twitter/bootstrap/bootstrap-tooltip.js  (0ms)  (pid 28158)
Compiled twitter/bootstrap/bootstrap-popover.js  (0ms)  (pid 28158)
Compiled twitter/bootstrap/bootstrap-button.js  (0ms)  (pid 28158)
Compiled twitter/bootstrap/bootstrap-collapse.js  (0ms)  (pid 28158)
Compiled twitter/bootstrap/bootstrap-carousel.js  (0ms)  (pid 28158)
Compiled twitter/bootstrap/bootstrap-typeahead.js  (0ms)  (pid 28158)
Compiled twitter/bootstrap/bootstrap-affix.js  (0ms)  (pid 28158)
Compiled twitter/bootstrap.js  (81ms)  (pid 28158)
Compiled admin.js  (51ms)  (pid 28158)
Compiled bootstrap.js  (3ms)  (pid 28158)
Compiled home.js  (0ms)  (pid 28158)
Compiled application.js  (158ms)  (pid 28158)
Compiled admin.css  (215ms)  (pid 28158)
Compiled bootstrap_and_overrides.css  (520ms)  (pid 28158)
Compiled home.css  (0ms)  (pid 28158)
Compiled application.css  (771ms)  (pid 28158)
